#
# There is insufficient memory for the Java Runtime Environment to continue.
# Native memory allocation (malloc) failed to allocate 579296 bytes for Chunk::new
# Possible reasons:
#   The system is out of physical RAM or swap space
#   In 32 bit mode, the process size limit was hit
# Possible solutions:
#   Reduce memory load on the system
#   Increase physical memory or swap space
#   Check if swap backing store is full
#   Use 64 bit Java on a 64 bit OS
#   Decrease Java heap size (-Xmx/-Xms)
#   Decrease number of Java threads
#   Decrease Java thread stack sizes (-Xss)
#   Set larger code cache with -XX:ReservedCodeCacheSize=
# This output file may be truncated or incomplete.
#
#  Out of Memory Error (allocation.cpp:390), pid=5720, tid=6236
#
# JRE version: Java(TM) SE Runtime Environment (8.0_73-b02) (build 1.8.0_73-b02)
# Java VM: Java HotSpot(TM) 64-Bit Server VM (25.73-b02 mixed mode windows-amd64 compressed oops)
# Failed to write core dump. Minidumps are not enabled by default on client versions of Windows
#

---------------  T H R E A D  ---------------

Current thread (0x0000000014ed7800):  JavaThread "C2 CompilerThread1" daemon [_thread_in_native, id=6236, stack(0x00000000165c0000,0x00000000166c0000)]

Stack: [0x00000000165c0000,0x00000000166c0000]
[error occurred during error reporting (printing stack bounds), id 0xc0000005]

Native frames: (J=compiled Java code, j=interpreted, Vv=VM code, C=native code)


Current CompileTask:
C2:  29766 2186       4       com.android.dx.dex.code.LocalList::make (102 bytes)


---------------  P R O C E S S  ---------------

Java Threads: ( => current thread )
  0x00000000167c5800 JavaThread "Service Thread" daemon [_thread_blocked, id=3620, stack(0x0000000016bc0000,0x0000000016cc0000)]
  0x0000000014eda000 JavaThread "C1 CompilerThread2" daemon [_thread_blocked, id=2672, stack(0x00000000166c0000,0x00000000167c0000)]
=>0x0000000014ed7800 JavaThread "C2 CompilerThread1" daemon [_thread_in_native, id=6236, stack(0x00000000165c0000,0x00000000166c0000)]
  0x0000000014e8a000 JavaThread "C2 CompilerThread0" daemon [_thread_in_native, id=5256, stack(0x00000000164c0000,0x00000000165c0000)]
  0x0000000014e88000 JavaThread "Attach Listener" daemon [_thread_blocked, id=6760, stack(0x00000000163c0000,0x00000000164c0000)]
  0x0000000014e86800 JavaThread "Signal Dispatcher" daemon [_thread_blocked, id=6360, stack(0x00000000162c0000,0x00000000163c0000)]
  0x0000000002736000 JavaThread "Finalizer" daemon [_thread_blocked, id=5988, stack(0x00000000160e0000,0x00000000161e0000)]
  0x000000000272d000 JavaThread "Reference Handler" daemon [_thread_blocked, id=6948, stack(0x0000000015fe0000,0x00000000160e0000)]
  0x0000000002640800 JavaThread "main" [_thread_in_Java, id=3080, stack(0x0000000002510000,0x0000000002610000)]

Other Threads:
  0x0000000014e47800 VMThread [stack: 0x0000000015ee0000,0x0000000015fe0000] [id=6868]
  0x00000000167cb000 WatcherThread [stack: 0x0000000016cc0000,0x0000000016dc0000] [id=2008]

VM state:not at safepoint (normal execution)

VM Mutex/Monitor currently owned by a thread: None

Heap:
 PSYoungGen      total 35328K, used 35290K [0x00000000eab00000, 0x00000000efb00000, 0x0000000100000000)
  eden space 32768K, 99% used [0x00000000eab00000,0x00000000ecafe988,0x00000000ecb00000)
  from space 2560K, 98% used [0x00000000ecb00000,0x00000000ecd78038,0x00000000ecd80000)
  to   space 8192K, 0% used [0x00000000ef300000,0x00000000ef300000,0x00000000efb00000)
 ParOldGen       total 44032K, used 13052K [0x00000000c0000000, 0x00000000c2b00000, 0x00000000eab00000)
  object space 44032K, 29% used [0x00000000c0000000,0x00000000c0cbf088,0x00000000c2b00000)
 Metaspace       used 6662K, capacity 7416K, committed 7552K, reserved 1056768K
  class space    used 621K, capacity 624K, committed 640K, reserved 1048576K

Card table byte_map: [0x0000000011b70000,0x0000000011d80000] byte_map_base: 0x0000000011570000

Marking Bits: (ParMarkBitMap*) 0x000000006cd40600
 Begin Bits: [0x00000000122e0000, 0x00000000132e0000)
 End Bits:   [0x00000000132e0000, 0x00000000142e0000)

Polling page: 0x0000000000f40000

CodeCache: size=245760Kb used=9318Kb max_used=9330Kb free=236441Kb
 bounds [0x00000000027b0000, 0x00000000030e0000, 0x00000000117b0000]
 total_blobs=2433 nmethods=2163 adapters=182
 compilation: enabled

Compilation events (10 events):
Event: 29.733 Thread 0x0000000014eda000 2189       3       com.android.dx.dex.code.CstInsn::withOpcode (53 bytes)
Event: 29.733 Thread 0x0000000014eda000 nmethod 2189 0x00000000030c4790 code [0x00000000030c4920, 0x00000000030c4e28]
Event: 29.735 Thread 0x0000000014e8a000 nmethod 2185 0x00000000030c3fd0 code [0x00000000030c4120, 0x00000000030c44d8]
Event: 29.735 Thread 0x0000000014eda000 2190       3       com.android.dx.rop.code.RegisterSpecSet::getMaxSize (6 bytes)
Event: 29.735 Thread 0x0000000014e8a000 2187       4       com.android.dx.dex.code.OutputFinisher::assignIndices (46 bytes)
Event: 29.735 Thread 0x0000000014eda000 nmethod 2190 0x00000000030c0bd0 code [0x00000000030c0d20, 0x00000000030c0e70]
Event: 29.748 Thread 0x0000000014e8a000 nmethod 2187 0x00000000030d3110 code [0x00000000030d32a0, 0x00000000030d3798]
Event: 29.748 Thread 0x0000000014e8a000 2191 %     4       com.android.dx.dex.code.OutputFinisher::assignAddresses @ 12 (51 bytes)
Event: 29.752 Thread 0x0000000014e8a000 nmethod 2191% 0x00000000030c3950 code [0x00000000030c3aa0, 0x00000000030c3d18]
Event: 29.752 Thread 0x0000000014e8a000 2192   !   4       com.android.dx.dex.code.OutputFinisher::fixBranches (234 bytes)

GC Heap History (10 events):
Event: 18.108 GC heap before
{Heap before GC invocations=1 (full 0):
 PSYoungGen      total 18944K, used 16384K [0x00000000eab00000, 0x00000000ec000000, 0x0000000100000000)
  eden space 16384K, 100% used [0x00000000eab00000,0x00000000ebb00000,0x00000000ebb00000)
  from space 2560K, 0% used [0x00000000ebd80000,0x00000000ebd80000,0x00000000ec000000)
  to   space 2560K, 0% used [0x00000000ebb00000,0x00000000ebb00000,0x00000000ebd80000)
 ParOldGen       total 44032K, used 0K [0x00000000c0000000, 0x00000000c2b00000, 0x00000000eab00000)
  object space 44032K, 0% used [0x00000000c0000000,0x00000000c0000000,0x00000000c2b00000)
 Metaspace       used 5405K, capacity 6384K, committed 6528K, reserved 1056768K
  class space    used 589K, capacity 616K, committed 640K, reserved 1048576K
Event: 18.289 GC heap after
Heap after GC invocations=1 (full 0):
 PSYoungGen      total 18944K, used 2532K [0x00000000eab00000, 0x00000000ed000000, 0x0000000100000000)
  eden space 16384K, 0% used [0x00000000eab00000,0x00000000eab00000,0x00000000ebb00000)
  from space 2560K, 98% used [0x00000000ebb00000,0x00000000ebd79258,0x00000000ebd80000)
  to   space 2560K, 0% used [0x00000000ecd80000,0x00000000ecd80000,0x00000000ed000000)
 ParOldGen       total 44032K, used 729K [0x00000000c0000000, 0x00000000c2b00000, 0x00000000eab00000)
  object space 44032K, 1% used [0x00000000c0000000,0x00000000c00b6560,0x00000000c2b00000)
 Metaspace       used 5405K, capacity 6384K, committed 6528K, reserved 1056768K
  class space    used 589K, capacity 616K, committed 640K, reserved 1048576K
}
Event: 19.865 GC heap before
{Heap before GC invocations=2 (full 0):
 PSYoungGen      total 18944K, used 18916K [0x00000000eab00000, 0x00000000ed000000, 0x0000000100000000)
  eden space 16384K, 100% used [0x00000000eab00000,0x00000000ebb00000,0x00000000ebb00000)
  from space 2560K, 98% used [0x00000000ebb00000,0x00000000ebd79258,0x00000000ebd80000)
  to   space 2560K, 0% used [0x00000000ecd80000,0x00000000ecd80000,0x00000000ed000000)
 ParOldGen       total 44032K, used 729K [0x00000000c0000000, 0x00000000c2b00000, 0x00000000eab00000)
  object space 44032K, 1% used [0x00000000c0000000,0x00000000c00b6560,0x00000000c2b00000)
 Metaspace       used 5971K, capacity 6896K, committed 7040K, reserved 1056768K
  class space    used 600K, capacity 616K, committed 640K, reserved 1048576K
Event: 19.877 GC heap after
Heap after GC invocations=2 (full 0):
 PSYoungGen      total 18944K, used 2538K [0x00000000eab00000, 0x00000000ed000000, 0x0000000100000000)
  eden space 16384K, 0% used [0x00000000eab00000,0x00000000eab00000,0x00000000ebb00000)
  from space 2560K, 99% used [0x00000000ecd80000,0x00000000ecffaaa8,0x00000000ed000000)
  to   space 2560K, 0% used [0x00000000ebb00000,0x00000000ebb00000,0x00000000ebd80000)
 ParOldGen       total 44032K, used 2476K [0x00000000c0000000, 0x00000000c2b00000, 0x00000000eab00000)
  object space 44032K, 5% used [0x00000000c0000000,0x00000000c026b228,0x00000000c2b00000)
 Metaspace       used 5971K, capacity 6896K, committed 7040K, reserved 1056768K
  class space    used 600K, capacity 616K, committed 640K, reserved 1048576K
}
Event: 21.150 GC heap before
{Heap before GC invocations=3 (full 0):
 PSYoungGen      total 18944K, used 18922K [0x00000000eab00000, 0x00000000ed000000, 0x0000000100000000)
  eden space 16384K, 100% used [0x00000000eab00000,0x00000000ebb00000,0x00000000ebb00000)
  from space 2560K, 99% used [0x00000000ecd80000,0x00000000ecffaaa8,0x00000000ed000000)
  to   space 2560K, 0% used [0x00000000ebb00000,0x00000000ebb00000,0x00000000ebd80000)
 ParOldGen       total 44032K, used 2476K [0x00000000c0000000, 0x00000000c2b00000, 0x00000000eab00000)
  object space 44032K, 5% used [0x00000000c0000000,0x00000000c026b228,0x00000000c2b00000)
 Metaspace       used 6112K, capacity 7024K, committed 7296K, reserved 1056768K
  class space    used 600K, capacity 616K, committed 640K, reserved 1048576K
Event: 21.170 GC heap after
Heap after GC invocations=3 (full 0):
 PSYoungGen      total 18944K, used 2528K [0x00000000eab00000, 0x00000000ed000000, 0x0000000100000000)
  eden space 16384K, 0% used [0x00000000eab00000,0x00000000eab00000,0x00000000ebb00000)
  from space 2560K, 98% used [0x00000000ebb00000,0x00000000ebd78038,0x00000000ebd80000)
  to   space 2560K, 0% used [0x00000000ecd80000,0x00000000ecd80000,0x00000000ed000000)
 ParOldGen       total 44032K, used 4846K [0x00000000c0000000, 0x00000000c2b00000, 0x00000000eab00000)
  object space 44032K, 11% used [0x00000000c0000000,0x00000000c04bb820,0x00000000c2b00000)
 Metaspace       used 6112K, capacity 7024K, committed 7296K, reserved 1056768K
  class space    used 600K, capacity 616K, committed 640K, reserved 1048576K
}
Event: 22.966 GC heap before
{Heap before GC invocations=4 (full 0):
 PSYoungGen      total 18944K, used 18912K [0x00000000eab00000, 0x00000000ed000000, 0x0000000100000000)
  eden space 16384K, 100% used [0x00000000eab00000,0x00000000ebb00000,0x00000000ebb00000)
  from space 2560K, 98% used [0x00000000ebb00000,0x00000000ebd78038,0x00000000ebd80000)
  to   space 2560K, 0% used [0x00000000ecd80000,0x00000000ecd80000,0x00000000ed000000)
 ParOldGen       total 44032K, used 4846K [0x00000000c0000000, 0x00000000c2b00000, 0x00000000eab00000)
  object space 44032K, 11% used [0x00000000c0000000,0x00000000c04bb820,0x00000000c2b00000)
 Metaspace       used 6217K, capacity 7088K, committed 7296K, reserved 1056768K
  class space    used 601K, capacity 616K, committed 640K, reserved 1048576K
Event: 22.983 GC heap after
Heap after GC invocations=4 (full 0):
 PSYoungGen      total 35328K, used 2544K [0x00000000eab00000, 0x00000000ed000000, 0x0000000100000000)
  eden space 32768K, 0% used [0x00000000eab00000,0x00000000eab00000,0x00000000ecb00000)
  from space 2560K, 99% used [0x00000000ecd80000,0x00000000ecffc028,0x00000000ed000000)
  to   space 2560K, 0% used [0x00000000ecb00000,0x00000000ecb00000,0x00000000ecd80000)
 ParOldGen       total 44032K, used 7613K [0x00000000c0000000, 0x00000000c2b00000, 0x00000000eab00000)
  object space 44032K, 17% used [0x00000000c0000000,0x00000000c076f738,0x00000000c2b00000)
 Metaspace       used 6217K, capacity 7088K, committed 7296K, reserved 1056768K
  class space    used 601K, capacity 616K, committed 640K, reserved 1048576K
}
Event: 25.145 GC heap before
{Heap before GC invocations=5 (full 0):
 PSYoungGen      total 35328K, used 35312K [0x00000000eab00000, 0x00000000ed000000, 0x0000000100000000)
  eden space 32768K, 100% used [0x00000000eab00000,0x00000000ecb00000,0x00000000ecb00000)
  from space 2560K, 99% used [0x00000000ecd80000,0x00000000ecffc028,0x00000000ed000000)
  to   space 2560K, 0% used [0x00000000ecb00000,0x00000000ecb00000,0x00000000ecd80000)
 ParOldGen       total 44032K, used 7613K [0x00000000c0000000, 0x00000000c2b00000, 0x00000000eab00000)
  object space 44032K, 17% used [0x00000000c0000000,0x00000000c076f738,0x00000000c2b00000)
 Metaspace       used 6364K, capacity 7152K, committed 7296K, reserved 1056768K
  class space    used 602K, capacity 616K, committed 640K, reserved 1048576K
Event: 25.186 GC heap after
Heap after GC invocations=5 (full 0):
 PSYoungGen      total 35328K, used 2528K [0x00000000eab00000, 0x00000000efb00000, 0x0000000100000000)
  eden space 32768K, 0% used [0x00000000eab00000,0x00000000eab00000,0x00000000ecb00000)
  from space 2560K, 98% used [0x00000000ecb00000,0x00000000ecd78038,0x00000000ecd80000)
  to   space 8192K, 0% used [0x00000000ef300000,0x00000000ef300000,0x00000000efb00000)
 ParOldGen       total 44032K, used 13052K [0x00000000c0000000, 0x00000000c2b00000, 0x00000000eab00000)
  object space 44032K, 29% used [0x00000000c0000000,0x00000000c0cbf088,0x00000000c2b00000)
 Metaspace       used 6364K, capacity 7152K, committed 7296K, reserved 1056768K
  class space    used 602K, capacity 616K, committed 640K, reserved 1048576K
}

Deoptimization events (10 events):
Event: 25.779 Thread 0x0000000002640800 Uncommon trap: reason=class_check action=maybe_recompile pc=0x0000000002c39444 method=java.util.HashMap.putVal(ILjava/lang/Object;Ljava/lang/Object;ZZ)Ljava/lang/Object; @ 203
Event: 27.051 Thread 0x0000000002640800 Uncommon trap: reason=unstable_if action=reinterpret pc=0x0000000002fd843c method=java.util.HashMap.putVal(ILjava/lang/Object;Ljava/lang/Object;ZZ)Ljava/lang/Object; @ 94
Event: 28.671 Thread 0x0000000002640800 Uncommon trap: reason=speculate_class_check action=maybe_recompile pc=0x0000000002bc7664 method=com.android.dx.util.FixedSizeList.equals(Ljava/lang/Object;)Z @ 25
Event: 28.671 Thread 0x0000000002640800 Uncommon trap: reason=speculate_class_check action=maybe_recompile pc=0x0000000002bc7664 method=com.android.dx.util.FixedSizeList.equals(Ljava/lang/Object;)Z @ 25
Event: 28.671 Thread 0x0000000002640800 Uncommon trap: reason=speculate_class_check action=maybe_recompile pc=0x0000000002bc7664 method=com.android.dx.util.FixedSizeList.equals(Ljava/lang/Object;)Z @ 25
Event: 28.672 Thread 0x0000000002640800 Uncommon trap: reason=speculate_class_check action=maybe_recompile pc=0x0000000002bc7664 method=com.android.dx.util.FixedSizeList.equals(Ljava/lang/Object;)Z @ 25
Event: 28.745 Thread 0x0000000002640800 Uncommon trap: reason=unstable_if action=reinterpret pc=0x00000000030865cc method=com.android.dx.dex.code.OutputFinisher.findOpcodeForInsn(Lcom/android/dx/dex/code/DalvInsn;Lcom/android/dx/dex/code/Dop;)Lcom/android/dx/dex/code/Dop; @ 1
Event: 29.332 Thread 0x0000000002640800 Uncommon trap: reason=unstable_if action=reinterpret pc=0x0000000002eaafcc method=java.util.TreeMap.put(Ljava/lang/Object;Ljava/lang/Object;)Ljava/lang/Object; @ 163
Event: 29.557 Thread 0x0000000002640800 Uncommon trap: reason=unstable_if action=reinterpret pc=0x0000000002d59628 method=com.android.dx.rop.code.RegisterSpecSet.equals(Ljava/lang/Object;)Z @ 30
Event: 29.739 Thread 0x0000000002640800 Uncommon trap: reason=bimorphic action=maybe_recompile pc=0x00000000030d053c method=com.android.dx.dex.code.OutputFinisher.calculateReservedCount([Lcom/android/dx/dex/code/Dop;)I @ 72

Internal exceptions (3 events):
Event: 2.046 Thread 0x0000000002640800 Exception <a 'java/lang/NoSuchMethodError': Method sun.misc.Unsafe.defineClass(Ljava/lang/String;[BII)Ljava/lang/Class; name or signature does not match> (0x00000000eab0d2d8) thrown at [D:\re\puppet\workspace\8-2-build-windows-amd64-cygwin\jdk8u73\6086\hot¿»aœò^
Event: 2.046 Thread 0x0000000002640800 Exception <a 'java/lang/NoSuchMethodError': Method sun.misc.Unsafe.prefetchRead(Ljava/lang/Object;J)V name or signature does not match> (0x00000000eab0d5c0) thrown at [D:\re\puppet\workspace\8-2-build-windows-amd64-cygwin\jdk8u73\6086\hotspot\src\share\vm\yeÑïí3@
Event: 19.066 Thread 0x0000000016aa1800 Implicit null exception at 0x0000000002aa4671 to 0x0000000002aa6555

Events (10 events):
Event: 29.332 Thread 0x0000000002640800 DEOPT PACKING pc=0x0000000002eaafcc sp=0x000000000260f0e0
Event: 29.332 Thread 0x0000000002640800 DEOPT UNPACKING pc=0x00000000027f582a sp=0x000000000260f080 mode 2
Event: 29.557 Thread 0x0000000002640800 Uncommon trap: trap_request=0xffffff65 fr.pc=0x0000000002d59628
Event: 29.557 Thread 0x0000000002640800 DEOPT PACKING pc=0x0000000002d59628 sp=0x000000000260ee00
Event: 29.557 Thread 0x0000000002640800 DEOPT UNPACKING pc=0x00000000027f582a sp=0x000000000260ed80 mode 2
Event: 29.721 Thread 0x0000000002640800 DEOPT PACKING pc=0x000000000306dee6 sp=0x000000000260ef40
Event: 29.721 Thread 0x0000000002640800 DEOPT UNPACKING pc=0x00000000027f787f sp=0x000000000260ec98 mode 0
Event: 29.739 Thread 0x0000000002640800 Uncommon trap: trap_request=0xffffffc6 fr.pc=0x00000000030d053c
Event: 29.739 Thread 0x0000000002640800 DEOPT PACKING pc=0x00000000030d053c sp=0x000000000260edb0
Event: 29.739 Thread 0x0000000002640800 DEOPT UNPACKING pc=0x00000000027f582a sp=0x000000000260ed98 mode 2


Dynamic libraries:
0x00007ff6b3f40000 - 0x00007ff6b3f77000 	C:\Program Files\Java\jdk1.8.0_73\bin\java.exe
0x00007fff4a9d0000 - 0x00007fff4ab7d000 	C:\Windows\SYSTEM32\ntdll.dll
0x00007fff48390000 - 0x00007fff484ce000 	C:\Windows\system32\KERNEL32.DLL
0x00007fff47c20000 - 0x00007fff47d35000 	C:\Windows\system32\KERNELBASE.dll
0x00007fff46650000 - 0x00007fff466de000 	C:\Windows\system32\apphelp.dll
0x00007fff36180000 - 0x00007fff361d3000 	C:\Windows\AppPatch\AppPatch64\AcGenral.DLL
0x00007fff48980000 - 0x00007fff48a2a000 	C:\Windows\system32\msvcrt.dll
0x00007fff47df0000 - 0x00007fff47e1e000 	C:\Windows\system32\SspiCli.dll
0x00007fff48a30000 - 0x00007fff48a84000 	C:\Windows\system32\SHLWAPI.dll
0x00007fff48a90000 - 0x00007fff48c07000 	C:\Windows\system32\USER32.dll
0x00007fff491d0000 - 0x00007fff49364000 	C:\Windows\system32\ole32.dll
0x00007fff494a0000 - 0x00007fff4a9c8000 	C:\Windows\system32\SHELL32.dll
0x00007fff46fd0000 - 0x00007fff46ff1000 	C:\Windows\SYSTEM32\USERENV.dll
0x00007fff48c10000 - 0x00007fff48cba000 	C:\Windows\system32\ADVAPI32.dll
0x00007fff3fe10000 - 0x00007fff3fe2e000 	C:\Windows\SYSTEM32\MPR.dll
0x00007fff49090000 - 0x00007fff491d0000 	C:\Windows\system32\RPCRT4.dll
0x00007fff48e10000 - 0x00007fff48e69000 	C:\Windows\SYSTEM32\sechost.dll
0x00007fff484d0000 - 0x00007fff486e1000 	C:\Windows\SYSTEM32\combase.dll
0x00007fff486f0000 - 0x00007fff4883f000 	C:\Windows\system32\GDI32.dll
0x00007fff47af0000 - 0x00007fff47b05000 	C:\Windows\SYSTEM32\profapi.dll
0x00007fff46020000 - 0x00007fff460d2000 	C:\Windows\SYSTEM32\SHCORE.dll
0x00007fff49460000 - 0x00007fff49496000 	C:\Windows\system32\IMM32.DLL
0x00007fff48050000 - 0x00007fff481a2000 	C:\Windows\system32\MSCTF.dll
0x00007fff45760000 - 0x00007fff459db000 	C:\Windows\WinSxS\amd64_microsoft.windows.common-controls_6595b64144ccf1df_6.0.9600.18006_none_623f33d3ecbe86e8\COMCTL32.dll
0x000000006d490000 - 0x000000006d562000 	C:\Program Files\Java\jdk1.8.0_73\jre\bin\msvcr100.dll
0x000000006c530000 - 0x000000006cdc0000 	C:\Program Files\Java\jdk1.8.0_73\jre\bin\server\jvm.dll
0x00007fff442a0000 - 0x00007fff442a9000 	C:\Windows\SYSTEM32\WSOCK32.dll
0x00007fff406e0000 - 0x00007fff40702000 	C:\Windows\SYSTEM32\WINMM.dll
0x00007fff456e0000 - 0x00007fff456ea000 	C:\Windows\SYSTEM32\VERSION.dll
0x00007fff49370000 - 0x00007fff49377000 	C:\Windows\system32\PSAPI.DLL
0x00007fff49030000 - 0x00007fff4908a000 	C:\Windows\system32\WS2_32.dll
0x00007fff40540000 - 0x00007fff4056a000 	C:\Windows\SYSTEM32\WINMMBASE.dll
0x00007fff49450000 - 0x00007fff49459000 	C:\Windows\system32\NSI.dll
0x00007fff48000000 - 0x00007fff4804f000 	C:\Windows\SYSTEM32\cfgmgr32.dll
0x00007fff468a0000 - 0x00007fff468c8000 	C:\Windows\SYSTEM32\DEVOBJ.dll
0x000000006d680000 - 0x000000006d68f000 	C:\Program Files\Java\jdk1.8.0_73\jre\bin\verify.dll
0x000000006d5f0000 - 0x000000006d619000 	C:\Program Files\Java\jdk1.8.0_73\jre\bin\java.dll
0x000000006d5d0000 - 0x000000006d5e6000 	C:\Program Files\Java\jdk1.8.0_73\jre\bin\zip.dll

VM Arguments:
jvm_args: -Djava.awt.headless=true -Xmx1024M -Dfile.encoding=windows-1252 -Duser.country=US -Duser.language=en -Duser.variant 
java_command: com.android.dx.command.Main --dex --force-jumbo --num-threads=4 --output E:\AndroidStudioProjects\TabsViewPager\app\build\intermediates\pre-dexed\debug\internal_impl-24.1.1_547f4f42cc56e022bd0495e2ee99bc7c6eda9ed4.jar E:\AndroidStudioProjects\TabsViewPager\app\build\intermediates\exploded-aar\com.android.support\support-v4\24.1.1\jars\libs\internal_impl-24.1.1.jar
java_class_path (initial): C:\Users\ADMIN\AppData\Local\Android\sdk\build-tools\24.0.1\lib\dx.jar
Launcher Type: SUN_STANDARD

Environment Variables:
JAVA_HOME=C:\Program Files\Java\jdk1.8.0_73
PATH=C:\ProgramData\Oracle\Java\javapath;C:\Windows\system32;C:\Windows;C:\Windows\System32\Wbem;C:\Windows\System32\WindowsPowerShell\v1.0\;C:\Program Files\Java\jdk1.8.0_73\bin;C:\Program Files\Java\jdk1.8.0_73\bin;C:\Program Files (x86)\GtkSharp\2.12\bin
USERNAME=ADMIN
OS=Windows_NT
PROCESSOR_IDENTIFIER=Intel64 Family 6 Model 61 Stepping 4, GenuineIntel



---------------  S Y S T E M  ---------------

OS: Windows 8.1 , 64 bit Build 9600 (6.3.9600.17415)

CPU:total 4 (2 cores per cpu, 2 threads per core) family 6 model 61 stepping 4, cmov, cx8, fxsr, mmx, sse, sse2, sse3, ssse3, sse4.1, sse4.2, popcnt, avx, avx2, aes, clmul, erms, 3dnowpref, lzcnt, ht, tsc, tscinvbit, bmi1, bmi2, adx

Memory: 4k page, physical 4112560k(243148k free), swap 7258288k(5184k free)

vm_info: Java HotSpot(TM) 64-Bit Server VM (25.73-b02) for windows-amd64 JRE (1.8.0_73-b02), built on Jan 29 2016 17:38:49 by "java_re" with MS VC++ 10.0 (VS2010)

time: Sat Oct 15 17:43:10 2016
elapsed time: 29 seconds (0d 0h 0m 29s)

