#
# There is insufficient memory for the Java Runtime Environment to continue.
# Native memory allocation (malloc) failed to allocate 159968 bytes for Chunk::new
# Possible reasons:
#   The system is out of physical RAM or swap space
#   In 32 bit mode, the process size limit was hit
# Possible solutions:
#   Reduce memory load on the system
#   Increase physical memory or swap space
#   Check if swap backing store is full
#   Use 64 bit Java on a 64 bit OS
#   Decrease Java heap size (-Xmx/-Xms)
#   Decrease number of Java threads
#   Decrease Java thread stack sizes (-Xss)
#   Set larger code cache with -XX:ReservedCodeCacheSize=
# This output file may be truncated or incomplete.
#
#  Out of Memory Error (allocation.cpp:390), pid=3800, tid=1936
#
# JRE version: Java(TM) SE Runtime Environment (8.0_73-b02) (build 1.8.0_73-b02)
# Java VM: Java HotSpot(TM) 64-Bit Server VM (25.73-b02 mixed mode windows-amd64 compressed oops)
# Failed to write core dump. Minidumps are not enabled by default on client versions of Windows
#

---------------  T H R E A D  ---------------

Current thread (0x0000000015406000):  JavaThread "C2 CompilerThread1" daemon [_thread_in_native, id=1936, stack(0x0000000016ae0000,0x0000000016be0000)]

Stack: [0x0000000016ae0000,0x0000000016be0000]
[error occurred during error reporting (printing stack bounds), id 0xc0000005]

Native frames: (J=compiled Java code, j=interpreted, Vv=VM code, C=native code)


Current CompileTask:
C2:  10002 1605       4       com.android.dx.ssa.SCCP::simulatePhi (169 bytes)


---------------  P R O C E S S  ---------------

Java Threads: ( => current thread )
  0x0000000016f55800 JavaThread "pool-1-thread-4" [_thread_blocked, id=5796, stack(0x00000000176e0000,0x00000000177e0000)]
  0x0000000016f54000 JavaThread "pool-1-thread-3" [_thread_blocked, id=6936, stack(0x00000000175e0000,0x00000000176e0000)]
  0x0000000016f9f800 JavaThread "pool-1-thread-2" [_thread_blocked, id=3552, stack(0x00000000174e0000,0x00000000175e0000)]
  0x0000000016f9c000 JavaThread "pool-2-thread-1" [_thread_blocked, id=1724, stack(0x00000000173e0000,0x00000000174e0000)]
  0x0000000016f8f000 JavaThread "pool-1-thread-1" [_thread_blocked, id=1492, stack(0x00000000172e0000,0x00000000173e0000)]
  0x0000000016cea000 JavaThread "Service Thread" daemon [_thread_blocked, id=3880, stack(0x00000000170e0000,0x00000000171e0000)]
  0x0000000015409000 JavaThread "C1 CompilerThread2" daemon [_thread_blocked, id=504, stack(0x0000000016be0000,0x0000000016ce0000)]
=>0x0000000015406000 JavaThread "C2 CompilerThread1" daemon [_thread_in_native, id=1936, stack(0x0000000016ae0000,0x0000000016be0000)]
  0x00000000153ad000 JavaThread "C2 CompilerThread0" daemon [_thread_in_native, id=6172, stack(0x00000000169e0000,0x0000000016ae0000)]
  0x00000000153ab000 JavaThread "Attach Listener" daemon [_thread_blocked, id=6280, stack(0x00000000168e0000,0x00000000169e0000)]
  0x00000000153aa000 JavaThread "Signal Dispatcher" daemon [_thread_blocked, id=6576, stack(0x00000000167e0000,0x00000000168e0000)]
  0x0000000002cd6000 JavaThread "Finalizer" daemon [_thread_blocked, id=6896, stack(0x0000000016600000,0x0000000016700000)]
  0x0000000002ccd000 JavaThread "Reference Handler" daemon [_thread_blocked, id=2668, stack(0x0000000016500000,0x0000000016600000)]
  0x0000000002be0800 JavaThread "main" [_thread_blocked, id=5672, stack(0x0000000002a70000,0x0000000002b70000)]

Other Threads:
  0x0000000015377800 VMThread [stack: 0x0000000016400000,0x0000000016500000] [id=636]
  0x0000000016cff000 WatcherThread [stack: 0x00000000171e0000,0x00000000172e0000] [id=4564]

VM state:at safepoint (normal execution)

VM Mutex/Monitor currently owned by a thread:  ([mutex/lock_event])
[0x000000000132c430] Threads_lock - owner thread: 0x0000000015377800
[0x000000000132c930] Heap_lock - owner thread: 0x0000000016f54000

Heap:
 PSYoungGen      total 35328K, used 2545K [0x00000000eab00000, 0x00000000ed000000, 0x0000000100000000)
  eden space 32768K, 0% used [0x00000000eab00000,0x00000000eab00000,0x00000000ecb00000)
  from space 2560K, 99% used [0x00000000ecb00000,0x00000000ecd7c6a8,0x00000000ecd80000)
  to   space 2560K, 0% used [0x00000000ecd80000,0x00000000ecd80000,0x00000000ed000000)
 ParOldGen       total 44032K, used 38592K [0x00000000c0000000, 0x00000000c2b00000, 0x00000000eab00000)
  object space 44032K, 87% used [0x00000000c0000000,0x00000000c25b0140,0x00000000c2b00000)
 Metaspace       used 6288K, capacity 7152K, committed 7296K, reserved 1056768K
  class space    used 604K, capacity 616K, committed 640K, reserved 1048576K

Card table byte_map: [0x00000000120a0000,0x00000000122b0000] byte_map_base: 0x0000000011aa0000

Marking Bits: (ParMarkBitMap*) 0x000000006cd40600
 Begin Bits: [0x0000000012810000, 0x0000000013810000)
 End Bits:   [0x0000000013810000, 0x0000000014810000)

Polling page: 0x00000000011a0000

CodeCache: size=245760Kb used=7338Kb max_used=7338Kb free=238421Kb
 bounds [0x0000000002ce0000, 0x0000000003410000, 0x0000000011ce0000]
 total_blobs=2019 nmethods=1749 adapters=182
 compilation: disabled (not enough contiguous free space left)

Compilation events (10 events):
Event: 8.696 Thread 0x0000000015409000 nmethod 1689 0x00000000033b5e50 code [0x00000000033b6160, 0x00000000033b7248]
Event: 8.696 Thread 0x0000000015409000 1690       2       java.util.concurrent.locks.AbstractQueuedSynchronizer$ConditionObject::signal (33 bytes)
Event: 8.696 Thread 0x0000000015409000 nmethod 1690 0x00000000033b8a10 code [0x00000000033b8ba0, 0x00000000033b8de8]
Event: 8.696 Thread 0x0000000015409000 1691       2       java.util.concurrent.locks.ReentrantLock$Sync::isHeldExclusively (16 bytes)
Event: 8.697 Thread 0x0000000015409000 nmethod 1691 0x00000000033b8f10 code [0x00000000033b9060, 0x00000000033b91d0]
Event: 8.697 Thread 0x0000000015409000 1692       2       com.android.dx.ssa.SsaMethod::makeNewSsaReg (26 bytes)
Event: 8.698 Thread 0x0000000015409000 nmethod 1692 0x00000000033b9250 code [0x00000000033b93a0, 0x00000000033b9530]
Event: 8.705 Thread 0x0000000015409000 1693   !   2       com.android.dx.cf.cst.ConstantPoolParser::determineOffsets (285 bytes)
Event: 8.706 Thread 0x0000000015409000 nmethod 1693 0x00000000033b95d0 code [0x00000000033b98a0, 0x00000000033ba4d8]
Event: 8.706 Thread 0x0000000015409000 1694       2       com.android.dx.cf.cst.ConstantPoolParser::parse (365 bytes)

GC Heap History (8 events):
Event: 0.667 GC heap before
{Heap before GC invocations=1 (full 0):
 PSYoungGen      total 18944K, used 16384K [0x00000000eab00000, 0x00000000ec000000, 0x0000000100000000)
  eden space 16384K, 100% used [0x00000000eab00000,0x00000000ebb00000,0x00000000ebb00000)
  from space 2560K, 0% used [0x00000000ebd80000,0x00000000ebd80000,0x00000000ec000000)
  to   space 2560K, 0% used [0x00000000ebb00000,0x00000000ebb00000,0x00000000ebd80000)
 ParOldGen       total 44032K, used 0K [0x00000000c0000000, 0x00000000c2b00000, 0x00000000eab00000)
  object space 44032K, 0% used [0x00000000c0000000,0x00000000c0000000,0x00000000c2b00000)
 Metaspace       used 3400K, capacity 4720K, committed 4864K, reserved 1056768K
  class space    used 371K, capacity 424K, committed 512K, reserved 1048576K
Event: 0.704 GC heap after
Heap after GC invocations=1 (full 0):
 PSYoungGen      total 18944K, used 893K [0x00000000eab00000, 0x00000000ed000000, 0x0000000100000000)
  eden space 16384K, 0% used [0x00000000eab00000,0x00000000eab00000,0x00000000ebb00000)
  from space 2560K, 34% used [0x00000000ebb00000,0x00000000ebbdf5f0,0x00000000ebd80000)
  to   space 2560K, 0% used [0x00000000ecd80000,0x00000000ecd80000,0x00000000ed000000)
 ParOldGen       total 44032K, used 8K [0x00000000c0000000, 0x00000000c2b00000, 0x00000000eab00000)
  object space 44032K, 0% used [0x00000000c0000000,0x00000000c0002000,0x00000000c2b00000)
 Metaspace       used 3400K, capacity 4720K, committed 4864K, reserved 1056768K
  class space    used 371K, capacity 424K, committed 512K, reserved 1048576K
}
Event: 4.637 GC heap before
{Heap before GC invocations=2 (full 0):
 PSYoungGen      total 18944K, used 17277K [0x00000000eab00000, 0x00000000ed000000, 0x0000000100000000)
  eden space 16384K, 100% used [0x00000000eab00000,0x00000000ebb00000,0x00000000ebb00000)
  from space 2560K, 34% used [0x00000000ebb00000,0x00000000ebbdf5f0,0x00000000ebd80000)
  to   space 2560K, 0% used [0x00000000ecd80000,0x00000000ecd80000,0x00000000ed000000)
 ParOldGen       total 44032K, used 8K [0x00000000c0000000, 0x00000000c2b00000, 0x00000000eab00000)
  object space 44032K, 0% used [0x00000000c0000000,0x00000000c0002000,0x00000000c2b00000)
 Metaspace       used 5885K, capacity 6832K, committed 7040K, reserved 1056768K
  class space    used 601K, capacity 616K, committed 640K, reserved 1048576K
Event: 5.340 GC heap after
Heap after GC invocations=2 (full 0):
 PSYoungGen      total 35328K, used 2547K [0x00000000eab00000, 0x00000000ed000000, 0x0000000100000000)
  eden space 32768K, 0% used [0x00000000eab00000,0x00000000eab00000,0x00000000ecb00000)
  from space 2560K, 99% used [0x00000000ecd80000,0x00000000ecffce00,0x00000000ed000000)
  to   space 2560K, 0% used [0x00000000ecb00000,0x00000000ecb00000,0x00000000ecd80000)
 ParOldGen       total 44032K, used 2329K [0x00000000c0000000, 0x00000000c2b00000, 0x00000000eab00000)
  object space 44032K, 5% used [0x00000000c0000000,0x00000000c0246700,0x00000000c2b00000)
 Metaspace       used 5885K, capacity 6832K, committed 7040K, reserved 1056768K
  class space    used 601K, capacity 616K, committed 640K, reserved 1048576K
}
Event: 7.208 GC heap before
{Heap before GC invocations=3 (full 0):
 PSYoungGen      total 35328K, used 35315K [0x00000000eab00000, 0x00000000ed000000, 0x0000000100000000)
  eden space 32768K, 99% used [0x00000000eab00000,0x00000000ecaffff8,0x00000000ecb00000)
  from space 2560K, 99% used [0x00000000ecd80000,0x00000000ecffce00,0x00000000ed000000)
  to   space 2560K, 0% used [0x00000000ecb00000,0x00000000ecb00000,0x00000000ecd80000)
 ParOldGen       total 44032K, used 2329K [0x00000000c0000000, 0x00000000c2b00000, 0x00000000eab00000)
  object space 44032K, 5% used [0x00000000c0000000,0x00000000c0246700,0x00000000c2b00000)
 Metaspace       used 6196K, capacity 7088K, committed 7296K, reserved 1056768K
  class space    used 603K, capacity 616K, committed 640K, reserved 1048576K
Event: 7.261 GC heap after
Heap after GC invocations=3 (full 0):
 PSYoungGen      total 35328K, used 2540K [0x00000000eab00000, 0x00000000ed000000, 0x0000000100000000)
  eden space 32768K, 0% used [0x00000000eab00000,0x00000000eab00000,0x00000000ecb00000)
  from space 2560K, 99% used [0x00000000ecb00000,0x00000000ecd7b078,0x00000000ecd80000)
  to   space 2560K, 0% used [0x00000000ecd80000,0x00000000ecd80000,0x00000000ed000000)
 ParOldGen       total 44032K, used 7959K [0x00000000c0000000, 0x00000000c2b00000, 0x00000000eab00000)
  object space 44032K, 18% used [0x00000000c0000000,0x00000000c07c5d08,0x00000000c2b00000)
 Metaspace       used 6196K, capacity 7088K, committed 7296K, reserved 1056768K
  class space    used 603K, capacity 616K, committed 640K, reserved 1048576K
}
Event: 8.643 GC heap before
{Heap before GC invocations=4 (full 0):
 PSYoungGen      total 35328K, used 35308K [0x00000000eab00000, 0x00000000ed000000, 0x0000000100000000)
  eden space 32768K, 100% used [0x00000000eab00000,0x00000000ecb00000,0x00000000ecb00000)
  from space 2560K, 99% used [0x00000000ecb00000,0x00000000ecd7b078,0x00000000ecd80000)
  to   space 2560K, 0% used [0x00000000ecd80000,0x00000000ecd80000,0x00000000ed000000)
 ParOldGen       total 44032K, used 7959K [0x00000000c0000000, 0x00000000c2b00000, 0x00000000eab00000)
  object space 44032K, 18% used [0x00000000c0000000,0x00000000c07c5d08,0x00000000c2b00000)
 Metaspace       used 6234K, capacity 7088K, committed 7296K, reserved 1056768K
  class space    used 604K, capacity 616K, committed 640K, reserved 1048576K
Event: 8.666 GC heap after
Heap after GC invocations=4 (full 0):
 PSYoungGen      total 35328K, used 2546K [0x00000000eab00000, 0x00000000ed000000, 0x0000000100000000)
  eden space 32768K, 0% used [0x00000000eab00000,0x00000000eab00000,0x00000000ecb00000)
  from space 2560K, 99% used [0x00000000ecd80000,0x00000000ecffc8d8,0x00000000ed000000)
  to   space 2560K, 0% used [0x00000000ecb00000,0x00000000ecb00000,0x00000000ecd80000)
 ParOldGen       total 44032K, used 13123K [0x00000000c0000000, 0x00000000c2b00000, 0x00000000eab00000)
  object space 44032K, 29% used [0x00000000c0000000,0x00000000c0cd0d68,0x00000000c2b00000)
 Metaspace       used 6234K, capacity 7088K, committed 7296K, reserved 1056768K
  class space    used 604K, capacity 616K, committed 640K, reserved 1048576K
}

Deoptimization events (10 events):
Event: 8.479 Thread 0x0000000016f54000 Uncommon trap: reason=unstable_if action=reinterpret pc=0x0000000003091900 method=com.android.dx.rop.code.RegisterSpec.equals(ILcom/android/dx/rop/type/TypeBearer;Lcom/android/dx/rop/code/LocalItem;)Z @ 42
Event: 8.551 Thread 0x0000000016f9f800 Uncommon trap: reason=bimorphic action=maybe_recompile pc=0x0000000002fcd260 method=java.util.HashMap.getNode(ILjava/lang/Object;)Ljava/util/HashMap$Node; @ 126
Event: 8.551 Thread 0x0000000016f9f800 Uncommon trap: reason=class_check action=maybe_recompile pc=0x00000000030ee2c0 method=java.util.HashMap.putVal(ILjava/lang/Object;Ljava/lang/Object;ZZ)Ljava/lang/Object; @ 203
Event: 8.552 Thread 0x0000000016f9f800 Uncommon trap: reason=bimorphic action=maybe_recompile pc=0x0000000002fcd260 method=java.util.HashMap.getNode(ILjava/lang/Object;)Ljava/util/HashMap$Node; @ 126
Event: 8.552 Thread 0x0000000016f9f800 Uncommon trap: reason=class_check action=maybe_recompile pc=0x00000000030ee2c0 method=java.util.HashMap.putVal(ILjava/lang/Object;Ljava/lang/Object;ZZ)Ljava/lang/Object; @ 203
Event: 8.552 Thread 0x0000000016f9f800 Uncommon trap: reason=bimorphic action=maybe_recompile pc=0x0000000003096414 method=java.util.HashMap.getNode(ILjava/lang/Object;)Ljava/util/HashMap$Node; @ 126
Event: 8.552 Thread 0x0000000016f9f800 Uncommon trap: reason=bimorphic action=maybe_recompile pc=0x0000000003096414 method=java.util.HashMap.getNode(ILjava/lang/Object;)Ljava/util/HashMap$Node; @ 126
Event: 8.552 Thread 0x0000000016f9f800 Uncommon trap: reason=class_check action=maybe_recompile pc=0x00000000030ee2c0 method=java.util.HashMap.putVal(ILjava/lang/Object;Ljava/lang/Object;ZZ)Ljava/lang/Object; @ 203
Event: 8.552 Thread 0x0000000016f9f800 Uncommon trap: reason=bimorphic action=maybe_recompile pc=0x0000000002fcd260 method=java.util.HashMap.getNode(ILjava/lang/Object;)Ljava/util/HashMap$Node; @ 126
Event: 8.568 Thread 0x0000000016f9f800 Uncommon trap: reason=unstable_if action=reinterpret pc=0x000000000332e944 method=com.android.dx.ssa.SsaRenamer$BlockRenamer.visitMoveInsn(Lcom/android/dx/ssa/NormalSsaInsn;)V @ 104

Internal exceptions (3 events):
Event: 0.069 Thread 0x0000000002be0800 Exception <a 'java/lang/NoSuchMethodError': Method sun.misc.Unsafe.defineClass(Ljava/lang/String;[BII)Ljava/lang/Class; name or signature does not match> (0x00000000eab0d360) thrown at [D:\re\puppet\workspace\8-2-build-windows-amd64-cygwin\jdk8u73\6086\hot∏èeÚ$Ω±?
Event: 0.069 Thread 0x0000000002be0800 Exception <a 'java/lang/NoSuchMethodError': Method sun.misc.Unsafe.prefetchRead(Ljava/lang/Object;J)V name or signature does not match> (0x00000000eab0d648) thrown at [D:\re\puppet\workspace\8-2-build-windows-amd64-cygwin\jdk8u73\6086\hotspot\src\share\vm\Òç]È8@
Event: 4.305 Thread 0x0000000002be0800 Implicit null exception at 0x0000000002ffe262 to 0x0000000002ffe35a

Events (10 events):
Event: 8.676 Thread 0x0000000016f54000 DEOPT PACKING pc=0x00000000032fe0c2 sp=0x00000000176de510
Event: 8.676 Thread 0x0000000016f54000 DEOPT UNPACKING pc=0x0000000002d2787f sp=0x00000000176de278 mode 0
Event: 8.682 Thread 0x0000000016f9f800 DEOPT PACKING pc=0x00000000032fe0c2 sp=0x00000000175de880
Event: 8.682 Thread 0x0000000016f9f800 DEOPT UNPACKING pc=0x0000000002d2787f sp=0x00000000175de5e8 mode 0
Event: 8.688 Thread 0x0000000016f54000 DEOPT PACKING pc=0x00000000032fe0c2 sp=0x00000000176de510
Event: 8.688 Thread 0x0000000016f54000 DEOPT UNPACKING pc=0x0000000002d2787f sp=0x00000000176de278 mode 0
Event: 8.692 Thread 0x0000000016f9f800 DEOPT PACKING pc=0x00000000032fe0c2 sp=0x00000000175de880
Event: 8.692 Thread 0x0000000016f9f800 DEOPT UNPACKING pc=0x0000000002d2787f sp=0x00000000175de5e8 mode 0
Event: 8.699 Thread 0x0000000016f9f800 DEOPT PACKING pc=0x00000000032fe0c2 sp=0x00000000175de880
Event: 8.699 Thread 0x0000000016f9f800 DEOPT UNPACKING pc=0x0000000002d2787f sp=0x00000000175de5e8 mode 0


Dynamic libraries:
0x00007ff6b3f40000 - 0x00007ff6b3f77000 	C:\Program Files\Java\jdk1.8.0_73\bin\java.exe
0x00007fff4a9d0000 - 0x00007fff4ab7d000 	C:\Windows\SYSTEM32\ntdll.dll
0x00007fff48390000 - 0x00007fff484ce000 	C:\Windows\system32\KERNEL32.DLL
0x00007fff47c20000 - 0x00007fff47d35000 	C:\Windows\system32\KERNELBASE.dll
0x00007fff46650000 - 0x00007fff466de000 	C:\Windows\system32\apphelp.dll
0x00007fff36180000 - 0x00007fff361d3000 	C:\Windows\AppPatch\AppPatch64\AcGenral.DLL
0x00007fff48980000 - 0x00007fff48a2a000 	C:\Windows\system32\msvcrt.dll
0x00007fff47df0000 - 0x00007fff47e1e000 	C:\Windows\system32\SspiCli.dll
0x00007fff48a30000 - 0x00007fff48a84000 	C:\Windows\system32\SHLWAPI.dll
0x00007fff48a90000 - 0x00007fff48c07000 	C:\Windows\system32\USER32.dll
0x00007fff491d0000 - 0x00007fff49364000 	C:\Windows\system32\ole32.dll
0x00007fff494a0000 - 0x00007fff4a9c8000 	C:\Windows\system32\SHELL32.dll
0x00007fff46fd0000 - 0x00007fff46ff1000 	C:\Windows\SYSTEM32\USERENV.dll
0x00007fff48c10000 - 0x00007fff48cba000 	C:\Windows\system32\ADVAPI32.dll
0x00007fff3fe10000 - 0x00007fff3fe2e000 	C:\Windows\SYSTEM32\MPR.dll
0x00007fff49090000 - 0x00007fff491d0000 	C:\Windows\system32\RPCRT4.dll
0x00007fff48e10000 - 0x00007fff48e69000 	C:\Windows\SYSTEM32\sechost.dll
0x00007fff484d0000 - 0x00007fff486e1000 	C:\Windows\SYSTEM32\combase.dll
0x00007fff486f0000 - 0x00007fff4883f000 	C:\Windows\system32\GDI32.dll
0x00007fff47af0000 - 0x00007fff47b05000 	C:\Windows\SYSTEM32\profapi.dll
0x00007fff46020000 - 0x00007fff460d2000 	C:\Windows\SYSTEM32\SHCORE.dll
0x00007fff49460000 - 0x00007fff49496000 	C:\Windows\system32\IMM32.DLL
0x00007fff48050000 - 0x00007fff481a2000 	C:\Windows\system32\MSCTF.dll
0x00007fff45760000 - 0x00007fff459db000 	C:\Windows\WinSxS\amd64_microsoft.windows.common-controls_6595b64144ccf1df_6.0.9600.18006_none_623f33d3ecbe86e8\COMCTL32.dll
0x000000006d490000 - 0x000000006d562000 	C:\Program Files\Java\jdk1.8.0_73\jre\bin\msvcr100.dll
0x000000006c530000 - 0x000000006cdc0000 	C:\Program Files\Java\jdk1.8.0_73\jre\bin\server\jvm.dll
0x00007fff442a0000 - 0x00007fff442a9000 	C:\Windows\SYSTEM32\WSOCK32.dll
0x00007fff406e0000 - 0x00007fff40702000 	C:\Windows\SYSTEM32\WINMM.dll
0x00007fff456e0000 - 0x00007fff456ea000 	C:\Windows\SYSTEM32\VERSION.dll
0x00007fff49370000 - 0x00007fff49377000 	C:\Windows\system32\PSAPI.DLL
0x00007fff49030000 - 0x00007fff4908a000 	C:\Windows\system32\WS2_32.dll
0x00007fff40540000 - 0x00007fff4056a000 	C:\Windows\SYSTEM32\WINMMBASE.dll
0x00007fff49450000 - 0x00007fff49459000 	C:\Windows\system32\NSI.dll
0x00007fff48000000 - 0x00007fff4804f000 	C:\Windows\SYSTEM32\cfgmgr32.dll
0x00007fff468a0000 - 0x00007fff468c8000 	C:\Windows\SYSTEM32\DEVOBJ.dll
0x000000006d680000 - 0x000000006d68f000 	C:\Program Files\Java\jdk1.8.0_73\jre\bin\verify.dll
0x000000006d5f0000 - 0x000000006d619000 	C:\Program Files\Java\jdk1.8.0_73\jre\bin\java.dll
0x000000006d5d0000 - 0x000000006d5e6000 	C:\Program Files\Java\jdk1.8.0_73\jre\bin\zip.dll

VM Arguments:
jvm_args: -Djava.awt.headless=true -Xmx1024M -Dfile.encoding=windows-1252 -Duser.country=US -Duser.language=en -Duser.variant 
java_command: com.android.dx.command.Main --dex --force-jumbo --num-threads=4 --output E:\AndroidStudioProjects\TabsViewPager\app\build\intermediates\pre-dexed\debug\com.android.support-support-v4-24.1.1_cd6dfffd73a03f9861f1d4a4f28ddf7f26fc45f2.jar E:\AndroidStudioProjects\TabsViewPager\app\build\intermediates\exploded-aar\com.android.support\support-v4\24.1.1\jars\classes.jar
java_class_path (initial): C:\Users\ADMIN\AppData\Local\Android\sdk\build-tools\24.0.1\lib\dx.jar
Launcher Type: SUN_STANDARD

Environment Variables:
JAVA_HOME=C:\Program Files\Java\jdk1.8.0_73
PATH=C:\ProgramData\Oracle\Java\javapath;C:\Windows\system32;C:\Windows;C:\Windows\System32\Wbem;C:\Windows\System32\WindowsPowerShell\v1.0\;C:\Program Files\Java\jdk1.8.0_73\bin;C:\Program Files\Java\jdk1.8.0_73\bin;C:\Program Files (x86)\GtkSharp\2.12\bin
USERNAME=ADMIN
OS=Windows_NT
PROCESSOR_IDENTIFIER=Intel64 Family 6 Model 61 Stepping 4, GenuineIntel



---------------  S Y S T E M  ---------------

OS: Windows 8.1 , 64 bit Build 9600 (6.3.9600.17415)

CPU:total 4 (2 cores per cpu, 2 threads per core) family 6 model 61 stepping 4, cmov, cx8, fxsr, mmx, sse, sse2, sse3, ssse3, sse4.1, sse4.2, popcnt, avx, avx2, aes, clmul, erms, 3dnowpref, lzcnt, ht, tsc, tscinvbit, bmi1, bmi2, adx

Memory: 4k page, physical 4112560k(126020k free), swap 7258288k(22292k free)

vm_info: Java HotSpot(TM) 64-Bit Server VM (25.73-b02) for windows-amd64 JRE (1.8.0_73-b02), built on Jan 29 2016 17:38:49 by "java_re" with MS VC++ 10.0 (VS2010)

time: Sat Oct 15 17:42:26 2016
elapsed time: 10 seconds (0d 0h 0m 10s)

